{"uid":"bc5ca7c5abcd85f","name":"DemoWebContainersTest","fullName":"com.capgemini.frameworkExamples.DemoWebContainersTest","historyId":"f8ef70e448676af8ef5d535df6b136e7","time":{"start":1740338640439,"stop":1740338640439,"duration":0},"description":"","status":"broken","statusMessage":"java.lang.RuntimeException: java.lang.reflect.InvocationTargetException","statusTrace":"java.lang.RuntimeException: java.lang.RuntimeException: java.lang.reflect.InvocationTargetException\n\tat io.quarkus.test.junit.QuarkusTestExtension.throwBootFailureException(QuarkusTestExtension.java:611)\n\tat io.quarkus.test.junit.QuarkusTestExtension.interceptTestClassConstructor(QuarkusTestExtension.java:695)\n\tat java.base/java.util.Optional.orElseGet(Optional.java:364)\n\tat java.base/java.util.concurrent.ForkJoinTask.doExec(ForkJoinTask.java:387)\n\tat java.base/java.util.concurrent.ForkJoinPool$WorkQueue.tryRemoveAndExec(ForkJoinPool.java:1351)\n\tat java.base/java.util.concurrent.ForkJoinTask.awaitDone(ForkJoinTask.java:422)\n\tat java.base/java.util.concurrent.ForkJoinTask.join(ForkJoinTask.java:651)\n\tat java.base/java.util.concurrent.ForkJoinTask.doExec(ForkJoinTask.java:387)\n\tat java.base/java.util.concurrent.ForkJoinPool$WorkQueue.topLevelExec(ForkJoinPool.java:1312)\n\tat java.base/java.util.concurrent.ForkJoinPool.scan(ForkJoinPool.java:1843)\n\tat java.base/java.util.concurrent.ForkJoinPool.runWorker(ForkJoinPool.java:1808)\n\tat java.base/java.util.concurrent.ForkJoinWorkerThread.run(ForkJoinWorkerThread.java:188)\nCaused by: java.lang.RuntimeException: java.lang.reflect.InvocationTargetException\n\tat io.quarkus.test.junit.TestResourceUtil$TestResourceManagerReflections.startReflectively(TestResourceUtil.java:214)\n\tat io.quarkus.test.junit.QuarkusTestExtension.doJavaStart(QuarkusTestExtension.java:212)\n\tat io.quarkus.test.junit.QuarkusTestExtension.ensureStarted(QuarkusTestExtension.java:578)\n\tat io.quarkus.test.junit.QuarkusTestExtension.interceptTestClassConstructor(QuarkusTestExtension.java:693)\n\t... 10 more\nCaused by: java.lang.reflect.InvocationTargetException\n\tat java.base/java.lang.reflect.Method.invoke(Method.java:580)\n\tat io.quarkus.test.junit.TestResourceUtil$TestResourceManagerReflections.startReflectively(TestResourceUtil.java:211)\n\t... 13 more\nCaused by: java.util.concurrent.CompletionException: java.lang.RuntimeException: Unable to start Quarkus test resource class com.capgemini.infrastructure.resources.MyTestResources\n\tat java.base/java.util.concurrent.CompletableFuture.encodeThrowable(CompletableFuture.java:315)\n\tat java.base/java.util.concurrent.CompletableFuture.completeThrowable(CompletableFuture.java:320)\n\tat java.base/java.util.concurrent.CompletableFuture$AsyncRun.run(CompletableFuture.java:1807)\n\tat java.base/java.util.concurrent.ThreadPoolExecutor.runWorker(ThreadPoolExecutor.java:1144)\n\tat java.base/java.util.concurrent.ThreadPoolExecutor$Worker.run(ThreadPoolExecutor.java:642)\n\tat java.base/java.lang.Thread.run(Thread.java:1583)\nCaused by: java.lang.RuntimeException: Unable to start Quarkus test resource class com.capgemini.infrastructure.resources.MyTestResources\n\tat io.quarkus.test.common.TestResourceManager$TestResourceRunnable.run(TestResourceManager.java:674)\n\tat java.base/java.util.concurrent.CompletableFuture$AsyncRun.run(CompletableFuture.java:1804)\n\t... 3 more\nCaused by: org.testcontainers.containers.ContainerFetchException: Can't get Docker image: RemoteDockerImage(imageName=mockserver/mockserver:latest, imagePullPolicy=DefaultPullPolicy(), imageNameSubstitutor=org.testcontainers.utility.ImageNameSubstitutor$LogWrappedImageNameSubstitutor@5d50ecd8)\n\tat org.testcontainers.containers.GenericContainer.getDockerImageName(GenericContainer.java:1364)\n\tat org.testcontainers.containers.GenericContainer.doStart(GenericContainer.java:351)\n\tat org.testcontainers.containers.GenericContainer.start(GenericContainer.java:322)\n\tat com.capgemini.infrastructure.resources.MyTestResources.startMockServer(MyTestResources.java:34)\n\tat com.capgemini.infrastructure.resources.MyTestResources.start(MyTestResources.java:23)\n\tat io.quarkus.test.common.TestResourceManager$TestResourceRunnable.run(TestResourceManager.java:668)\n\t... 4 more\nCaused by: org.testcontainers.shaded.org.awaitility.core.ConditionTimeoutException: Condition org.testcontainers.images.RemoteDockerImage$$Lambda/0x00007f2050861220 was not fulfilled within 2 minutes.\n\tat org.testcontainers.shaded.org.awaitility.core.ConditionAwaiter.await(ConditionAwaiter.java:167)\n\tat org.testcontainers.shaded.org.awaitility.core.CallableCondition.await(CallableCondition.java:78)\n\tat org.testcontainers.shaded.org.awaitility.core.CallableCondition.await(CallableCondition.java:26)\n\tat org.testcontainers.shaded.org.awaitility.core.ConditionFactory.until(ConditionFactory.java:985)\n\tat org.testcontainers.shaded.org.awaitility.core.ConditionFactory.until(ConditionFactory.java:954)\n\tat org.testcontainers.images.RemoteDockerImage.resolve(RemoteDockerImage.java:109)\n\tat org.testcontainers.images.RemoteDockerImage.resolve(RemoteDockerImage.java:35)\n\tat org.testcontainers.utility.LazyFuture.getResolvedValue(LazyFuture.java:20)\n\tat org.testcontainers.utility.LazyFuture.get(LazyFuture.java:41)\n\tat org.testcontainers.containers.GenericContainer.getDockerImageName(GenericContainer.java:1362)\n\t... 9 more\n","flaky":false,"newFailed":false,"newBroken":false,"newPassed":false,"retriesCount":0,"retriesStatusChange":false,"beforeStages":[],"afterStages":[],"labels":[{"name":"tag","value":"io.quarkus.test.junit.QuarkusTest"},{"name":"junit.platform.uniqueid","value":"[engine:junit-jupiter]/[class:com.capgemini.frameworkExamples.DemoWebContainersTest]"},{"name":"host","value":"8aca0318639c"},{"name":"thread","value":"670@8aca0318639c.ForkJoinPool-1-worker-1(27)"},{"name":"framework","value":"junit-platform"},{"name":"language","value":"java"},{"name":"package","value":"com.capgemini.frameworkExamples.DemoWebContainersTest"},{"name":"testClass","value":"com.capgemini.frameworkExamples.DemoWebContainersTest"},{"name":"suite","value":"com.capgemini.frameworkExamples.DemoWebContainersTest"},{"name":"AS_ID","value":"-1"},{"name":"resultFormat","value":"allure2"}],"parameters":[],"links":[],"hidden":false,"retry":false,"extra":{"severity":"normal","retries":[],"categories":[{"name":"Test defects","matchedStatuses":[],"flaky":false}],"tags":["io.quarkus.test.junit.QuarkusTest"]},"source":"bc5ca7c5abcd85f.json","parameterValues":[]}